usage: yum [options] COMMAND

List of Main Commands:

alias                     List or create command aliases
autoremove                remove all unneeded packages that were originally installed as dependencies
check                     check for problems in the packagedb
check-update              check for available package upgrades
clean                     remove cached data
deplist                   [deprecated, use repoquery --deplist] List package's dependencies and what packages provide them
distro-sync               synchronize installed packages to the latest available versions
downgrade                 Downgrade a package
group                     display, or use, the groups information
help                      display a helpful usage message
history                   display, or use, the transaction history
info                      display details about a package or group of packages
install                   install a package or packages on your system
list                      list a package or groups of packages
makecache                 generate the metadata cache
mark                      mark or unmark installed packages as installed by user.
module                    Interact with Modules.
provides                  find what package provides the given value
reinstall                 reinstall a package
remove                    remove a package or packages from your system
repolist                  display the configured software repositories
repoquery                 search for packages matching keyword
repository-packages       run commands on top of all packages in given repository
search                    search package details for the given string
shell                     run an interactive YUM shell
swap                      run an interactive YUM mod for remove and install one spec
updateinfo                display advisories about packages
upgrade                   upgrade a package or packages on your system
upgrade-minimal           upgrade, but only 'newest' package match which fixes a problem that affects your system

List of Plugin Commands:

builddep                  Install build dependencies for package or spec file
changelog                 Show changelog data of packages
config-manager            manage yum configuration options and repositories
copr                      Interact with Copr repositories.
debug-dump                dump information about installed rpm packages to file
debug-restore             restore packages recorded in debug-dump file
debuginfo-install         install debuginfo packages
download                  Download package to current directory
groups-manager            create and edit groups metadata file
kpatch                    Toggles automatic installation of kpatch-patch packages
needs-restarting          determine updated binaries that need restarting
offline-distrosync        Prepare offline distrosync of the system
offline-upgrade           Prepare offline upgrade of the system
playground                Interact with Playground repository.
repoclosure               Display a list of unresolved dependencies for repositories
repodiff                  List differences between two sets of repositories
repograph                 Output a full package dependency graph in dot format
repomanage                Manage a directory of rpm packages
reposync                  download all packages from remote repo
system-upgrade            Prepare system for upgrade to a new release

General YUM options:
  -c [config file], --config [config file]
                        config file location
  -q, --quiet           quiet operation
  -v, --verbose         verbose operation
  --version             show YUM version and exit
  --installroot [path]  set install root
  --nodocs              do not install documentations
  --noplugins           disable all plugins
  --enableplugin [plugin]
                        enable plugins by name
  --disableplugin [plugin]
                        disable plugins by name
  --releasever RELEASEVER
                        override the value of $releasever in config and repo
                        files
  --setopt SETOPTS      set arbitrary config and repo options
  --skip-broken         resolve depsolve problems by skipping packages
  -h, --help, --help-cmd
                        show command help
  --allowerasing        allow erasing of installed packages to resolve
                        dependencies
  -b, --best            try the best available package versions in
                        transactions.
  --nobest              do not limit the transaction to the best candidate
  -C, --cacheonly       run entirely from system cache, don't update cache
  -R [minutes], --randomwait [minutes]
                        maximum command wait time
  -d [debug level], --debuglevel [debug level]
                        debugging output level
  --debugsolver         dumps detailed solving results into files
  --showduplicates      show duplicates, in repos, in list/search commands
  -e ERRORLEVEL, --errorlevel ERRORLEVEL
                        error output level
  --obsoletes           enables yum's obsoletes processing logic for upgrade
                        or display capabilities that the package obsoletes for
                        info, list and repoquery
  --rpmverbosity [debug level name]
                        debugging output level for rpm
  -y, --assumeyes       automatically answer yes for all questions
  --assumeno            automatically answer no for all questions
  --enablerepo [repo]   Temporarily enable repositories for the purpose of the
                        current dnf command. Accepts an id, a comma-separated
                        list of ids, or a glob of ids. This option can be
                        specified multiple times.
  --disablerepo [repo]  Temporarily disable active repositories for the
                        purpose of the current dnf command. Accepts an id, a
                        comma-separated list of ids, or a glob of ids. This
                        option can be specified multiple times, but is
                        mutually exclusive with `--repo`.
  --repo [repo], --repoid [repo]
                        enable just specific repositories by an id or a glob,
                        can be specified multiple times
  --enable              enable repos with config-manager command
                        (automatically saves)
  --disable             disable repos with config-manager command
                        (automatically saves)
  -x [package], --exclude [package], --excludepkgs [package]
                        exclude packages by name or glob
  --disableexcludes [repo], --disableexcludepkgs [repo]
                        disable excludepkgs
  --repofrompath [repo,path]
                        label and path to an additional repository to use
                        (same path as in a baseurl), can be specified multiple
                        times.
  --noautoremove        disable removal of dependencies that are no longer
                        used
  --nogpgcheck          disable gpg signature checking (if RPM policy allows)
  --color COLOR         control whether color is used
  --refresh             set metadata as expired before running the command
  -4                    resolve to IPv4 addresses only
  -6                    resolve to IPv6 addresses only
  --destdir DESTDIR, --downloaddir DESTDIR
                        set directory to copy packages to
  --downloadonly        only download packages
  --comment COMMENT     add a comment to transaction
  --bugfix              Include bugfix relevant packages, in updates
  --enhancement         Include enhancement relevant packages, in updates
  --newpackage          Include newpackage relevant packages, in updates
  --security            Include security relevant packages, in updates
  --advisory ADVISORY, --advisories ADVISORY
                        Include packages needed to fix the given advisory, in
                        updates
  --bz BUGZILLA, --bzs BUGZILLA
                        Include packages needed to fix the given BZ, in
                        updates
  --cve CVES, --cves CVES
                        Include packages needed to fix the given CVE, in
                        updates
  --sec-severity {Critical,Important,Moderate,Low}, --secseverity {Critical,Important,Moderate,Low}
                        Include security relevant packages matching the
                        severity, in updates
  --forcearch ARCH      Force the use of an architecture

Usage:     percona-release enable | enable-only | setup | disable (<REPO> | all) [COMPONENT] | show
  Example: percona-release enable tools release
  Example: percona-release enable-only ps-80 experimental
  Example: percona-release setup ps57 | setup-57
  Example: percona-release setup -y ps57 | setup -y ps-57
  Example: percona-release show

-> Available commands:       enable enable-only setup disable show
-> Available setup products: ps56 ps57 ps80 psmdb34 psmdb36 psmdb40 psmdb42 pxb24 pxb80 pxc56 pxc57 pxc80 ppg11 ppg11.5 ppg11.6 ppg11.7 ppg11.8 ppg12 ppg12.2 ppg12.3 pdmdb4.2 pdmdb4.2.6 pdmdb4.2.7 pdmdb4.2.8 pdps8.0.19 pdps8.0.20 pdpxc8.0.19 pdps8.0 pdpxc8.0 prel proxysql sysbench pt pmm-client pmm2-client mysql-shell pbm pdmdb4.4 pdmdb4.4.0 psmdb44
-> Available repositories:   original ps-56 ps-57 ps-80 pxc-56 pxc-57 pxc-80 psmdb-36 psmdb-40 psmdb-42 pxb-24 pxb-80 tools ppg-11 ppg-11.5 ppg-11.6 ppg-11.7 ppg-11.8 ppg-12 ppg-12.2 ppg-12.3 pdmdb-4.2 pdmdb-4.2.6 pdmdb-4.2.7 pdmdb-4.2.8 pdps-8.0.19 pdpxc-8.0.19 pdps-8.0.20 pdps-8.0 pdpxc-8.0 prel proxysql sysbench pt mysql-shell pbm pmm-client pmm2-client pdmdb-4.4 pdmdb-4.4.0 psmdb-44
-> Available components:     release testing experimental
=> The "-y" option for the setup command automatically answers "yes" for all interactive questions.
=> The "show" command will list all enabled Percona repos on the system.
=> Please see percona-release page for help: https://www.percona.com/doc/percona-repo-config/percona-release.html
Last metadata expiration check: 1:55:52 ago on Fri 13 Jan 2023 11:14:41 AM EST.
Dependencies resolved.
================================================================================
 Package                 Arch    Version            Repository             Size
================================================================================
Installing:
 percona-xtrabackup-80   x86_64  8.0.30-23.1.el9    tools-release-x86_64   17 M
Installing dependencies:
 libev                   x86_64  4.33-5.el9         baseos                 53 k
 mariadb-connector-c     x86_64  3.2.6-1.el9        appstream             198 k
 percona-icu-data-files  x86_64  8.0.30-22.1.el9    ps-80-release-x86_64  2.1 M
 percona-server-client   x86_64  8.0.30-22.1.el9    ps-80-release-x86_64  3.7 M
 percona-server-server   x86_64  8.0.30-22.1.el9    ps-80-release-x86_64   57 M
 percona-server-shared   x86_64  8.0.30-22.1.el9    ps-80-release-x86_64  1.4 M
 perl-DBD-MySQL          x86_64  4.050-13.el9       appstream             147 k

Transaction Summary
================================================================================
Install  8 Packages

Total download size: 82 M
Installed size: 455 M
Downloading Packages:
(1/8): libev-4.33-5.el9.x86_64.rpm              298 kB/s |  53 kB     00:00    
(2/8): perl-DBD-MySQL-4.050-13.el9.x86_64.rpm   177 kB/s | 147 kB     00:00    
(3/8): mariadb-connector-c-3.2.6-1.el9.x86_64.r 228 kB/s | 198 kB     00:00    
(4/8): percona-icu-data-files-8.0.30-22.1.el9.x 1.9 MB/s | 2.1 MB     00:01    
(5/8): percona-server-shared-8.0.30-22.1.el9.x8  10 MB/s | 1.4 MB     00:00    
(6/8): percona-server-client-8.0.30-22.1.el9.x8 3.0 MB/s | 3.7 MB     00:01    
(7/8): percona-xtrabackup-80-8.0.30-23.1.el9.x8  20 MB/s |  17 MB     00:00    
(8/8): percona-server-server-8.0.30-22.1.el9.x8  18 MB/s |  57 MB     00:03    
--------------------------------------------------------------------------------
Total                                            16 MB/s |  82 MB     00:05     
CentOS Stream 9 - BaseOS                        1.6 MB/s | 1.6 kB     00:00    
Importing GPG key 0x8483C65D:
 Userid     : "CentOS (CentOS Official Signing Key) <security@centos.org>"
 Fingerprint: 99DB 70FA E1D7 CE22 7FB6 4882 05B5 55B3 8483 C65D
 From       : /etc/pki/rpm-gpg/RPM-GPG-KEY-centosofficial
Key imported successfully
Percona Server 8.0 release/x86_64 YUM repositor 4.5 MB/s | 4.7 kB     00:00    
Importing GPG key 0x8507EFA5:
 Userid     : "Percona Development Team (Packaging key) <info@percona.com>"
 Fingerprint: 4D1B B29D 63D9 8E42 2B21 13B1 9334 A25F 8507 EFA5
 From       : /etc/pki/rpm-gpg/PERCONA-PACKAGING-KEY
Key imported successfully
Running transaction check
Transaction check succeeded.
Running transaction test
Transaction test succeeded.
Running transaction
  Running scriptlet: percona-server-server-8.0.30-22.1.el9.x86_64           1/1 
  Preparing        :                                                        1/1 
  Installing       : percona-server-shared-8.0.30-22.1.el9.x86_64           1/8 
  Running scriptlet: percona-server-shared-8.0.30-22.1.el9.x86_64           1/8 
  Installing       : percona-server-client-8.0.30-22.1.el9.x86_64           2/8 
  Installing       : percona-icu-data-files-8.0.30-22.1.el9.x86_64          3/8 
  Running scriptlet: percona-server-server-8.0.30-22.1.el9.x86_64           4/8 
  Installing       : percona-server-server-8.0.30-22.1.el9.x86_64           4/8 
  Running scriptlet: percona-server-server-8.0.30-22.1.el9.x86_64           4/8 
Percona Server is distributed with several useful UDF (User Defined Function) from Percona Toolkit.
Run the following commands to create these functions:
mysql -e "CREATE FUNCTION fnv1a_64 RETURNS INTEGER SONAME 'libfnv1a_udf.so'"
mysql -e "CREATE FUNCTION fnv_64 RETURNS INTEGER SONAME 'libfnv_udf.so'"
mysql -e "CREATE FUNCTION murmur_hash RETURNS INTEGER SONAME 'libmurmur_udf.so'"
See http://www.percona.com/doc/percona-server/8.0/management/udf_percona_toolkit.html for more details

  Installing       : mariadb-connector-c-3.2.6-1.el9.x86_64                 5/8 
  Installing       : perl-DBD-MySQL-4.050-13.el9.x86_64                     6/8 
  Installing       : libev-4.33-5.el9.x86_64                                7/8 
  Installing       : percona-xtrabackup-80-8.0.30-23.1.el9.x86_64           8/8 
  Running scriptlet: percona-server-server-8.0.30-22.1.el9.x86_64           8/8 
  Running scriptlet: percona-xtrabackup-80-8.0.30-23.1.el9.x86_64           8/8 
  Verifying        : libev-4.33-5.el9.x86_64                                1/8 
  Verifying        : mariadb-connector-c-3.2.6-1.el9.x86_64                 2/8 
  Verifying        : perl-DBD-MySQL-4.050-13.el9.x86_64                     3/8 
  Verifying        : percona-icu-data-files-8.0.30-22.1.el9.x86_64          4/8 
  Verifying        : percona-server-client-8.0.30-22.1.el9.x86_64           5/8 
  Verifying        : percona-server-server-8.0.30-22.1.el9.x86_64           6/8 
  Verifying        : percona-server-shared-8.0.30-22.1.el9.x86_64           7/8 
  Verifying        : percona-xtrabackup-80-8.0.30-23.1.el9.x86_64           8/8 

Installed:
  libev-4.33-5.el9.x86_64                                                       
  mariadb-connector-c-3.2.6-1.el9.x86_64                                        
  percona-icu-data-files-8.0.30-22.1.el9.x86_64                                 
  percona-server-client-8.0.30-22.1.el9.x86_64                                  
  percona-server-server-8.0.30-22.1.el9.x86_64                                  
  percona-server-shared-8.0.30-22.1.el9.x86_64                                  
  percona-xtrabackup-80-8.0.30-23.1.el9.x86_64                                  
  perl-DBD-MySQL-4.050-13.el9.x86_64                                            

Complete!
